[debug] [2022-12-30T12:44:21.310Z] ----------------------------------------------------------------------
[debug] [2022-12-30T12:44:21.313Z] Command:       C:\Program Files\nodejs\node.exe C:\Users\Farhan Aziz\AppData\Roaming\npm\node_modules\firebase-tools\lib\bin\firebase.js deploy
[debug] [2022-12-30T12:44:21.314Z] CLI Version:   11.15.0
[debug] [2022-12-30T12:44:21.314Z] Platform:      win32
[debug] [2022-12-30T12:44:21.314Z] Node Version:  v16.16.0
[debug] [2022-12-30T12:44:21.315Z] Time:          Fri Dec 30 2022 18:14:21 GMT+0530 (India Standard Time)
[debug] [2022-12-30T12:44:21.315Z] ----------------------------------------------------------------------
[debug] 
[debug] [2022-12-30T12:44:21.409Z] > command requires scopes: ["email","openid","https://www.googleapis.com/auth/cloudplatformprojects.readonly","https://www.googleapis.com/auth/firebase","https://www.googleapis.com/auth/cloud-platform"]
[debug] [2022-12-30T12:44:21.410Z] > authorizing via signed-in user (iamfarhanaziz@gmail.com)
[debug] [2022-12-30T12:44:21.410Z] [iam] checking project tododler-96c20 for permissions ["firebase.projects.get","firebasehosting.sites.update"]
[debug] [2022-12-30T12:44:21.413Z] >>> [apiv2][query] POST https://cloudresourcemanager.googleapis.com/v1/projects/tododler-96c20:testIamPermissions [none]
[debug] [2022-12-30T12:44:21.413Z] >>> [apiv2][(partial)header] POST https://cloudresourcemanager.googleapis.com/v1/projects/tododler-96c20:testIamPermissions x-goog-quota-user=projects/tododler-96c20
[debug] [2022-12-30T12:44:21.414Z] >>> [apiv2][body] POST https://cloudresourcemanager.googleapis.com/v1/projects/tododler-96c20:testIamPermissions {"permissions":["firebase.projects.get","firebasehosting.sites.update"]}
[debug] [2022-12-30T12:44:23.030Z] <<< [apiv2][status] POST https://cloudresourcemanager.googleapis.com/v1/projects/tododler-96c20:testIamPermissions 200
[debug] [2022-12-30T12:44:23.031Z] <<< [apiv2][body] POST https://cloudresourcemanager.googleapis.com/v1/projects/tododler-96c20:testIamPermissions {"permissions":["firebase.projects.get","firebasehosting.sites.update"]}
[debug] [2022-12-30T12:44:23.036Z] >>> [apiv2][query] GET https://firebase.googleapis.com/v1beta1/projects/tododler-96c20 [none]
[debug] [2022-12-30T12:44:23.612Z] <<< [apiv2][status] GET https://firebase.googleapis.com/v1beta1/projects/tododler-96c20 200
[debug] [2022-12-30T12:44:23.613Z] <<< [apiv2][body] GET https://firebase.googleapis.com/v1beta1/projects/tododler-96c20 {"projectId":"tododler-96c20","projectNumber":"340821204841","displayName":"tododler","name":"projects/tododler-96c20","resources":{"hostingSite":"tododler-96c20"},"state":"ACTIVE","etag":"1_74b84135-d4e5-4edf-8316-e6a473aa88ed"}
[info] 
[info] === Deploying to 'tododler-96c20'...
[info] 
[info] i  deploying hosting 
[debug] [2022-12-30T12:44:23.633Z] >>> [apiv2][query] POST https://firebasehosting.googleapis.com/v1beta1/projects/-/sites/tododler-96c20/versions [none]
[debug] [2022-12-30T12:44:23.633Z] >>> [apiv2][body] POST https://firebasehosting.googleapis.com/v1beta1/projects/-/sites/tododler-96c20/versions {"status":"CREATED","labels":{"deployment-tool":"cli-firebase"}}
[debug] [2022-12-30T12:44:25.411Z] <<< [apiv2][status] POST https://firebasehosting.googleapis.com/v1beta1/projects/-/sites/tododler-96c20/versions 200
[debug] [2022-12-30T12:44:25.411Z] <<< [apiv2][body] POST https://firebasehosting.googleapis.com/v1beta1/projects/-/sites/tododler-96c20/versions {"name":"projects/340821204841/sites/tododler-96c20/versions/bc5f593c7b4495e3","status":"CREATED","config":{},"labels":{"deployment-tool":"cli-firebase"}}
[info] i  hosting[tododler-96c20]: beginning deploy... 
[info] i  hosting[tododler-96c20]: found 22 files in build 
[debug] [2022-12-30T12:44:25.466Z] [hosting] uploading with 200 concurrency
[debug] [2022-12-30T12:44:25.868Z] [hosting] hash cache [YnVpbGQ] stored for 22 files
[debug] [2022-12-30T12:44:25.869Z] [hosting][hash queue][FINAL] {"max":384,"min":10,"avg":53.77272727272727,"active":0,"complete":22,"success":22,"errored":0,"retried":0,"total":22,"elapsed":397}
[debug] [2022-12-30T12:44:25.869Z] >>> [apiv2][query] POST https://firebasehosting.googleapis.com/v1beta1/projects/340821204841/sites/tododler-96c20/versions/bc5f593c7b4495e3:populateFiles [none]
[debug] [2022-12-30T12:44:25.869Z] >>> [apiv2][body] POST https://firebasehosting.googleapis.com/v1beta1/projects/340821204841/sites/tododler-96c20/versions/bc5f593c7b4495e3:populateFiles {"files":{"/favicon.svg":"1a8a3465fea419b9cc6a51646ada6b9f20d4562edfdf0cdbf72b94f696f4fd4b","/logo192.png":"3ee59515172ee198f3be375979df15ac5345183e656720a381b8872b2a39dc8b","/logo512.png":"ee7e2f3fdb8209c4b6fd7bef6ba50d1b9dba30a25bb5c3126df057e1cb6f5331","/manifest.json":"aff3449bdc238776f5d6d967f19ec491b36aed5fb7f23ccff6500736fd58494a","/robots.txt":"bfe106a3fb878dc83461c86818bf74fc1bdc7f28538ba613cd3e775516ce8b49","/asset-manifest.json":"a0e43990e273cdb83236f3344abec44c2539161dbbe54d4b3b6fc717cb792657","/index.html":"99d6025c7a13b2962c807e487d5221e0c3bd830a9c3ed819a9e8d9ae9288c1d9","/static/js/787.3c9905cd.chunk.js":"fb64ec97490113cbec57280c0590cb81c1f72b776badb2551d51f5972dcb58bd","/static/js/787.3c9905cd.chunk.js.map":"1b0676f20967d8c9ed7ed524d87827cbff981ec5be1389a7f6ce8486e3ff3d24","/static/js/main.2910541f.js.LICENSE.txt":"dadb2cc83bfdb638c388a582ec1bb8613c00ec798b78c3a5927d06349d3d0b26","/static/css/main.7d452f4b.css.map":"c23a02325eb972d68f2109d94ca26e3b3f34eb62aa93cae5a1b0bcecc1aef0c7","/static/media/5803966_checklist_clipboard_task_todo_icon.99abeb9b584a0ee165aeb8efeadea098.svg":"1a8a3465fea419b9cc6a51646ada6b9f20d4562edfdf0cdbf72b94f696f4fd4b","/static/media/puzzle-piece.63c03ed8e10f43afa978.png":"1bf1a36eb6f2bd528878f30f8dae3abc8def6d86a7a843b333bdc2fd38491af1","/static/css/main.7d452f4b.css":"a2b6dcf80911bfde50375aa43d50e88de5a672b09c98e96f7389331d540581b4","/static/media/lightbulb.6cf2a98f07064a392b69.png":"2850d53a71b8ac4c70b01f066cd131c92c8a817e80f72654330eb06fbf4c5469","/static/media/settings-gears.6390acd214e732ae2058.png":"729a059139d5216e0a87d227233f12a21b954034c0579cc7b5c56d24f0f8566f","/static/media/time.7c29dff0aabc31bad71c.png":"582e173f8d55b54761b79524d2f999338d0f2af7f5625a9ce069068059e980e9","/static/media/Sign up-rafiki.2d96b3c8dd13142f6215.png":"46e0e15cd9de2876aea28a11866f16467692efd7b4d8d350093ea42493ad1fc4","/static/media/Mobile login-rafiki.ba2e395a716178aa027c.png":"d3b3d8e5d9dd7b2cdddb6eff161a93400ab3c89dc3012542d84e3c4c4b84d311","/static/js/main.2910541f.js":"ada10a2ae29132a93de6a6007c02914b93d83f044c23a508e3b58900ba1e4a1b","/static/media/53338.19869070178e7a9a3e2d.png":"b9cf2f8dccd48b0715e7636904f2d61b9608d97de68fe81dc104fb1df70e7d0b","/static/js/main.2910541f.js.map":"b54feba725084c9d23e97e9c9082c4d75f583218a197d642c3ca88f26430b3d3"}}
[debug] [2022-12-30T12:44:27.187Z] <<< [apiv2][status] POST https://firebasehosting.googleapis.com/v1beta1/projects/340821204841/sites/tododler-96c20/versions/bc5f593c7b4495e3:populateFiles 200
[debug] [2022-12-30T12:44:27.188Z] <<< [apiv2][body] POST https://firebasehosting.googleapis.com/v1beta1/projects/340821204841/sites/tododler-96c20/versions/bc5f593c7b4495e3:populateFiles {"uploadRequiredHashes":["a0e43990e273cdb83236f3344abec44c2539161dbbe54d4b3b6fc717cb792657","c23a02325eb972d68f2109d94ca26e3b3f34eb62aa93cae5a1b0bcecc1aef0c7","a2b6dcf80911bfde50375aa43d50e88de5a672b09c98e96f7389331d540581b4","99d6025c7a13b2962c807e487d5221e0c3bd830a9c3ed819a9e8d9ae9288c1d9"],"uploadUrl":"https://upload-firebasehosting.googleapis.com/upload/sites/tododler-96c20/versions/bc5f593c7b4495e3/files"}
[debug] [2022-12-30T12:44:27.192Z] >>> [apiv2][query] POST https://upload-firebasehosting.googleapis.com/upload/sites/tododler-96c20/versions/bc5f593c7b4495e3/files/a0e43990e273cdb83236f3344abec44c2539161dbbe54d4b3b6fc717cb792657 [none]
[debug] [2022-12-30T12:44:27.192Z] >>> [apiv2][body] POST https://upload-firebasehosting.googleapis.com/upload/sites/tododler-96c20/versions/bc5f593c7b4495e3/files/a0e43990e273cdb83236f3344abec44c2539161dbbe54d4b3b6fc717cb792657 [stream]
[debug] [2022-12-30T12:44:27.197Z] >>> [apiv2][query] POST https://upload-firebasehosting.googleapis.com/upload/sites/tododler-96c20/versions/bc5f593c7b4495e3/files/c23a02325eb972d68f2109d94ca26e3b3f34eb62aa93cae5a1b0bcecc1aef0c7 [none]
[debug] [2022-12-30T12:44:27.197Z] >>> [apiv2][body] POST https://upload-firebasehosting.googleapis.com/upload/sites/tododler-96c20/versions/bc5f593c7b4495e3/files/c23a02325eb972d68f2109d94ca26e3b3f34eb62aa93cae5a1b0bcecc1aef0c7 [stream]
[debug] [2022-12-30T12:44:27.200Z] >>> [apiv2][query] POST https://upload-firebasehosting.googleapis.com/upload/sites/tododler-96c20/versions/bc5f593c7b4495e3/files/a2b6dcf80911bfde50375aa43d50e88de5a672b09c98e96f7389331d540581b4 [none]
[debug] [2022-12-30T12:44:27.200Z] >>> [apiv2][body] POST https://upload-firebasehosting.googleapis.com/upload/sites/tododler-96c20/versions/bc5f593c7b4495e3/files/a2b6dcf80911bfde50375aa43d50e88de5a672b09c98e96f7389331d540581b4 [stream]
[debug] [2022-12-30T12:44:27.203Z] >>> [apiv2][query] POST https://upload-firebasehosting.googleapis.com/upload/sites/tododler-96c20/versions/bc5f593c7b4495e3/files/99d6025c7a13b2962c807e487d5221e0c3bd830a9c3ed819a9e8d9ae9288c1d9 [none]
[debug] [2022-12-30T12:44:27.203Z] >>> [apiv2][body] POST https://upload-firebasehosting.googleapis.com/upload/sites/tododler-96c20/versions/bc5f593c7b4495e3/files/99d6025c7a13b2962c807e487d5221e0c3bd830a9c3ed819a9e8d9ae9288c1d9 [stream]
[debug] [2022-12-30T12:44:27.205Z] [hosting][populate queue][FINAL] {"max":1325,"min":1325,"avg":1325,"active":0,"complete":1,"success":1,"errored":0,"retried":0,"total":1,"elapsed":1338}
[debug] [2022-12-30T12:44:27.205Z] [hosting] uploads queued: 4
[debug] [2022-12-30T12:44:28.819Z] <<< [apiv2][status] POST https://upload-firebasehosting.googleapis.com/upload/sites/tododler-96c20/versions/bc5f593c7b4495e3/files/a2b6dcf80911bfde50375aa43d50e88de5a672b09c98e96f7389331d540581b4 200
[debug] [2022-12-30T12:44:28.820Z] <<< [apiv2][body] POST https://upload-firebasehosting.googleapis.com/upload/sites/tododler-96c20/versions/bc5f593c7b4495e3/files/a2b6dcf80911bfde50375aa43d50e88de5a672b09c98e96f7389331d540581b4 [stream]
[debug] [2022-12-30T12:44:29.137Z] <<< [apiv2][status] POST https://upload-firebasehosting.googleapis.com/upload/sites/tododler-96c20/versions/bc5f593c7b4495e3/files/c23a02325eb972d68f2109d94ca26e3b3f34eb62aa93cae5a1b0bcecc1aef0c7 200
[debug] [2022-12-30T12:44:29.137Z] <<< [apiv2][body] POST https://upload-firebasehosting.googleapis.com/upload/sites/tododler-96c20/versions/bc5f593c7b4495e3/files/c23a02325eb972d68f2109d94ca26e3b3f34eb62aa93cae5a1b0bcecc1aef0c7 [stream]
[debug] [2022-12-30T12:44:30.160Z] <<< [apiv2][status] POST https://upload-firebasehosting.googleapis.com/upload/sites/tododler-96c20/versions/bc5f593c7b4495e3/files/a0e43990e273cdb83236f3344abec44c2539161dbbe54d4b3b6fc717cb792657 200
[debug] [2022-12-30T12:44:30.160Z] <<< [apiv2][body] POST https://upload-firebasehosting.googleapis.com/upload/sites/tododler-96c20/versions/bc5f593c7b4495e3/files/a0e43990e273cdb83236f3344abec44c2539161dbbe54d4b3b6fc717cb792657 [stream]
[debug] [2022-12-30T12:44:30.225Z] <<< [apiv2][status] POST https://upload-firebasehosting.googleapis.com/upload/sites/tododler-96c20/versions/bc5f593c7b4495e3/files/99d6025c7a13b2962c807e487d5221e0c3bd830a9c3ed819a9e8d9ae9288c1d9 200
[debug] [2022-12-30T12:44:30.226Z] <<< [apiv2][body] POST https://upload-firebasehosting.googleapis.com/upload/sites/tododler-96c20/versions/bc5f593c7b4495e3/files/99d6025c7a13b2962c807e487d5221e0c3bd830a9c3ed819a9e8d9ae9288c1d9 [stream]
[debug] [2022-12-30T12:44:30.226Z] [hosting][upload queue][FINAL] {"max":3035,"min":1629,"avg":2396,"active":0,"complete":4,"success":4,"errored":0,"retried":0,"total":4,"elapsed":3037}
[info] +  hosting[tododler-96c20]: file upload complete 
[debug] [2022-12-30T12:44:30.230Z] [hosting] deploy completed after 4812ms
[debug] [2022-12-30T12:44:30.242Z] [
  {
    "config": {
      "public": "build",
      "ignore": [
        "firebase.json",
        "**/.*",
        "**/node_modules/**"
      ],
      "rewrites": [
        {
          "source": "**",
          "destination": "/index.html"
        }
      ],
      "site": "tododler-96c20"
    },
    "version": "projects/340821204841/sites/tododler-96c20/versions/bc5f593c7b4495e3"
  }
]
[info] i  hosting[tododler-96c20]: finalizing version... 
[debug] [2022-12-30T12:44:30.253Z] >>> [apiv2][query] PATCH https://firebasehosting.googleapis.com/v1beta1/projects/-/sites/tododler-96c20/versions/bc5f593c7b4495e3 updateMask=status%2Cconfig
[debug] [2022-12-30T12:44:30.253Z] >>> [apiv2][body] PATCH https://firebasehosting.googleapis.com/v1beta1/projects/-/sites/tododler-96c20/versions/bc5f593c7b4495e3 {"status":"FINALIZED","config":{"rewrites":[{"glob":"**","path":"/index.html"}]}}
[debug] [2022-12-30T12:44:31.656Z] <<< [apiv2][status] PATCH https://firebasehosting.googleapis.com/v1beta1/projects/-/sites/tododler-96c20/versions/bc5f593c7b4495e3 200
[debug] [2022-12-30T12:44:31.656Z] <<< [apiv2][body] PATCH https://firebasehosting.googleapis.com/v1beta1/projects/-/sites/tododler-96c20/versions/bc5f593c7b4495e3 {"name":"projects/340821204841/sites/tododler-96c20/versions/bc5f593c7b4495e3","status":"FINALIZED","config":{"rewrites":[{"glob":"**","path":"/index.html"}]},"labels":{"deployment-tool":"cli-firebase"},"createTime":"2022-12-30T12:14:36.082696Z","createUser":{"email":"iamfarhanaziz@gmail.com"},"finalizeTime":"2022-12-30T12:14:42.809058Z","finalizeUser":{"email":"iamfarhanaziz@gmail.com"}}
[debug] [2022-12-30T12:44:31.657Z] [hosting] finalized version for tododler-96c20:[object Object]
[info] +  hosting[tododler-96c20]: version finalized 
[info] i  hosting[tododler-96c20]: releasing new version... 
[debug] [2022-12-30T12:44:31.664Z] >>> [apiv2][query] POST https://firebasehosting.googleapis.com/v1beta1/projects/-/sites/tododler-96c20/channels/live/releases versionName=projects%2F340821204841%2Fsites%2Ftododler-96c20%2Fversions%2Fbc5f593c7b4495e3
[debug] [2022-12-30T12:44:31.665Z] >>> [apiv2][body] POST https://firebasehosting.googleapis.com/v1beta1/projects/-/sites/tododler-96c20/channels/live/releases {}
[debug] [2022-12-30T12:44:33.045Z] <<< [apiv2][status] POST https://firebasehosting.googleapis.com/v1beta1/projects/-/sites/tododler-96c20/channels/live/releases 200
[debug] [2022-12-30T12:44:33.046Z] <<< [apiv2][body] POST https://firebasehosting.googleapis.com/v1beta1/projects/-/sites/tododler-96c20/channels/live/releases {"name":"projects/340821204841/sites/tododler-96c20/channels/live/releases/1672402483547273","version":{"name":"projects/340821204841/sites/tododler-96c20/versions/bc5f593c7b4495e3","status":"FINALIZED","config":{"rewrites":[{"glob":"**","path":"/index.html"}]},"labels":{"deployment-tool":"cli-firebase"},"createTime":"2022-12-30T12:14:36.082696Z","createUser":{"email":"iamfarhanaziz@gmail.com","imageUrl":"https://lh3.googleusercontent.com/a/AEdFTp626VY8qNEHlpvwXVfbr4gwwgUp00z6O1T8VVUHtQ"},"finalizeTime":"2022-12-30T12:14:42.809058Z","finalizeUser":{"email":"iamfarhanaziz@gmail.com","imageUrl":"https://lh3.googleusercontent.com/a/AEdFTp626VY8qNEHlpvwXVfbr4gwwgUp00z6O1T8VVUHtQ"}},"type":"DEPLOY","releaseTime":"2022-12-30T12:14:43.547273241Z","releaseUser":{"email":"iamfarhanaziz@gmail.com","imageUrl":"https://lh3.googleusercontent.com/a/AEdFTp626VY8qNEHlpvwXVfbr4gwwgUp00z6O1T8VVUHtQ"}}
[debug] [2022-12-30T12:44:33.046Z] [hosting] release: {"name":"projects/340821204841/sites/tododler-96c20/channels/live/releases/1672402483547273","version":{"name":"projects/340821204841/sites/tododler-96c20/versions/bc5f593c7b4495e3","status":"FINALIZED","config":{"rewrites":[{"glob":"**","path":"/index.html"}]},"labels":{"deployment-tool":"cli-firebase"},"createTime":"2022-12-30T12:14:36.082696Z","createUser":{"email":"iamfarhanaziz@gmail.com","imageUrl":"https://lh3.googleusercontent.com/a/AEdFTp626VY8qNEHlpvwXVfbr4gwwgUp00z6O1T8VVUHtQ"},"finalizeTime":"2022-12-30T12:14:42.809058Z","finalizeUser":{"email":"iamfarhanaziz@gmail.com","imageUrl":"https://lh3.googleusercontent.com/a/AEdFTp626VY8qNEHlpvwXVfbr4gwwgUp00z6O1T8VVUHtQ"}},"type":"DEPLOY","releaseTime":"2022-12-30T12:14:43.547273241Z","releaseUser":{"email":"iamfarhanaziz@gmail.com","imageUrl":"https://lh3.googleusercontent.com/a/AEdFTp626VY8qNEHlpvwXVfbr4gwwgUp00z6O1T8VVUHtQ"}}
[info] +  hosting[tododler-96c20]: release complete 
[info] 
[info] +  Deploy complete! 
[info] 
[info] Project Console: https://console.firebase.google.com/project/tododler-96c20/overview
[info] Hosting URL: https://tododler-96c20.web.app
[debug] [2022-12-30T12:44:39.236Z] Error: Timed out.
    at Timeout._onTimeout (C:\Users\Farhan Aziz\AppData\Roaming\npm\node_modules\firebase-tools\lib\utils.js:253:49)
    at listOnTimeout (node:internal/timers:559:17)
    at processTimers (node:internal/timers:502:7)
[error] 
[error] Error: An unexpected error has occurred.
